<?xml version="1.0" encoding="UTF-8"?>
<testsuite xmlns:xsi="http://www.w3.org/2001/XMLSchema-instance" xsi:noNamespaceSchemaLocation="https://maven.apache.org/surefire/maven-surefire-plugin/xsd/surefire-test-report-3.0.xsd" version="3.0" name="com.InventoryService.Inventory.service.InventoryServiceApplicationTests" time="22.202" tests="1" errors="0" skipped="0" failures="0">
  <properties>
[...]
</properties>
  <testcase name="contextLoads" classname="com.InventoryService.Inventory.service.InventoryServiceApplicationTests" time="1.0">
    <system-out><![CDATA[20:16:50.718 [main] INFO org.springframework.test.context.support.AnnotationConfigContextLoaderUtils -- Could not detect default configuration classes for test class [com.InventoryService.Inventory.service.InventoryServiceApplicationTests]: InventoryServiceApplicationTests does not declare any static, non-private, non-final, nested classes annotated with @Configuration.
20:16:51.097 [main] INFO org.springframework.boot.test.context.SpringBootTestContextBootstrapper -- Found @SpringBootConfiguration com.InventoryService.Inventory.service.InventoryServiceApplication for test class com.InventoryService.Inventory.service.InventoryServiceApplicationTests

  .   ____          _            __ _ _
 /\\ / ___'_ __ _ _(_)_ __  __ _ \ \ \ \
( ( )\___ | '_ | '_| | '_ \/ _` | \ \ \ \
 \\/  ___)| |_)| | | | | || (_| |  ) ) ) )
  '  |____| .__|_| |_|_| |_\__, | / / / /
 =========|_|==============|___/=/_/_/_/

 :: Spring Boot ::                (v3.3.2)

2024-09-07T20:16:52.305+05:30  INFO 18412 --- [           main] c.I.I.s.InventoryServiceApplicationTests : Starting InventoryServiceApplicationTests using Java 21.0.3 with PID 18412 (started by subha in C:\Users\subha\Desktop\Microservices-Parent\inventory-service)
2024-09-07T20:16:52.305+05:30  INFO 18412 --- [           main] c.I.I.s.InventoryServiceApplicationTests : No active profile set, falling back to 1 default profile: "default"
2024-09-07T20:16:54.241+05:30  INFO 18412 --- [           main] .s.d.r.c.RepositoryConfigurationDelegate : Bootstrapping Spring Data JPA repositories in DEFAULT mode.
2024-09-07T20:16:54.351+05:30  INFO 18412 --- [           main] .s.d.r.c.RepositoryConfigurationDelegate : Finished Spring Data repository scanning in 96 ms. Found 1 JPA repository interface.
2024-09-07T20:16:56.722+05:30  INFO 18412 --- [           main] o.hibernate.jpa.internal.util.LogHelper  : HHH000204: Processing PersistenceUnitInfo [name: default]
2024-09-07T20:16:57.019+05:30  INFO 18412 --- [           main] org.hibernate.Version                    : HHH000412: Hibernate ORM core version 6.5.2.Final
2024-09-07T20:16:57.171+05:30  INFO 18412 --- [           main] o.h.c.internal.RegionFactoryInitiator    : HHH000026: Second-level cache disabled
2024-09-07T20:16:58.300+05:30  INFO 18412 --- [           main] o.s.o.j.p.SpringPersistenceUnitInfo      : No LoadTimeWeaver setup: ignoring JPA class transformer
2024-09-07T20:16:58.396+05:30  INFO 18412 --- [           main] com.zaxxer.hikari.HikariDataSource       : HikariPool-1 - Starting...
2024-09-07T20:17:02.442+05:30  INFO 18412 --- [           main] com.zaxxer.hikari.pool.HikariPool        : HikariPool-1 - Added connection com.mysql.cj.jdbc.ConnectionImpl@58e02359
2024-09-07T20:17:02.442+05:30  INFO 18412 --- [           main] com.zaxxer.hikari.HikariDataSource       : HikariPool-1 - Start completed.
2024-09-07T20:17:02.584+05:30  WARN 18412 --- [           main] org.hibernate.orm.deprecation            : HHH90000025: MySQLDialect does not need to be specified explicitly using 'hibernate.dialect' (remove the property setting and it will be selected by default)
2024-09-07T20:17:06.302+05:30  INFO 18412 --- [           main] o.h.e.t.j.p.i.JtaPlatformInitiator       : HHH000489: No JTA platform available (set 'hibernate.transaction.jta.platform' to enable JTA platform integration)
Hibernate: drop table if exists t_inventory
Hibernate: create table t_inventory (quantity integer, id bigint not null auto_increment, sku_code varchar(255), primary key (id)) engine=InnoDB
2024-09-07T20:17:06.434+05:30  INFO 18412 --- [           main] j.LocalContainerEntityManagerFactoryBean : Initialized JPA EntityManagerFactory for persistence unit 'default'
2024-09-07T20:17:08.862+05:30  WARN 18412 --- [           main] JpaBaseConfiguration$JpaWebConfiguration : spring.jpa.open-in-view is enabled by default. Therefore, database queries may be performed during view rendering. Explicitly configure spring.jpa.open-in-view to disable this warning
2024-09-07T20:17:11.170+05:30  INFO 18412 --- [           main] c.I.I.s.InventoryServiceApplicationTests : Started InventoryServiceApplicationTests in 19.675 seconds (process running for 22.387)
Hibernate: insert into t_inventory (quantity,sku_code) values (?,?)
Hibernate: insert into t_inventory (quantity,sku_code) values (?,?)
]]></system-out>
    <system-err><![CDATA[WARNING: A Java agent has been loaded dynamically (C:\Users\subha\.m2\repository\net\bytebuddy\byte-buddy-agent\1.14.18\byte-buddy-agent-1.14.18.jar)
WARNING: If a serviceability tool is in use, please run with -XX:+EnableDynamicAgentLoading to hide this warning
WARNING: If a serviceability tool is not in use, please run with -Djdk.instrument.traceUsage for more information
WARNING: Dynamic loading of agents will be disallowed by default in a future release
]]></system-err>
  </testcase>
</testsuite>